<?xml version="1.0" encoding="UTF-8" standalone="no"?>
<testsuite failures="0" name="cucumber.runtime.formatter.JUnitFormatter" skipped="0" tests="2" time="4.763308">
<testcase classname="Send Email to Salesforce" name="Validate Send Email To Salesoforce" time="3.205835">
<system-out><![CDATA[Given user is on email box to send the email to advisor.....................passed
Then user enter from EmailId "autuatthree@gmail.com" from Password "Tester@123" receiver EmailId "customercare@f-26dotr4wza195tifk7ojlevaif5igcmzdae6lmoi0iwzkdsp8b.9e-dxlhua4.cs88.case.sandbox.salesforce.com" receiver Subject "TON UAT 6032_3 BRONZE VIP INQUIRY" and receiver Email Body "TON UAT 6032 BRONZE VIP INQUIRY".passed
]]></system-out>
</testcase>
<testcase classname="Send Email to Salesforce" name="Validate Send Email To Salesoforce 2" time="1.557473">
<system-out><![CDATA[Given user is on email box to send the email to advisor.....................passed
Then user enter from EmailId "autuattonfive@gmail.com" from Password "Tester@123" receiver EmailId "customercare@f-26dotr4wza195tifk7ojlevaif5igcmzdae6lmoi0iwzkdsp8b.9e-dxlhua4.cs88.case.sandbox.salesforce.com" receiver Subject "TON UAT 6032_3 GOLD VIP INQUIRY" and receiver Email Body "TON UAT 6032 GOLD VIP INQUIRY".passed
]]></system-out>
</testcase>
</testsuite>
